<?xml version="1.0" encoding="UTF-8"?>
<!-- Generated by org.testng.reporters.JUnitXMLReporter -->
<testsuite ignored="0" hostname="LAPTOP-I2O1032U" failures="0" tests="3" name="Default test" time="27.247" errors="0" timestamp="2025-11-12T15:49:02 IST">
  <testcase classname="com.comcast.crm.orgtest.CreateOrganizationTest" name="createOrgWithIndustryTest" time="7.373"/>
  <testcase classname="com.comcast.crm.orgtest.CreateOrganizationTest" name="createOrgWithPhoneNumberTest" time="5.402"/>
  <testcase classname="com.comcast.crm.orgtest.CreateOrganizationTest" name="createOrgnizationTest" time="6.324"/>
</testsuite> <!-- Default test -->
