<?xml version="1.0" encoding="UTF-8"?>
<!-- Generated by org.testng.reporters.JUnitXMLReporter -->
<testsuite ignored="2" hostname="LAPTOP-I2O1032U" failures="0" tests="6" name="Test-2" time="55.816" errors="0" timestamp="2025-10-30T14:54:15 IST">
  <testcase classname="com.comcast.crm.contacttest.CreateContactTest" name="createContactTest" time="5.959"/>
  <testcase classname="com.comcast.crm.contacttest.CreateContactTest" name="createContactWithOrganizationTest" time="9.405"/>
  <testcase classname="com.comcast.crm.contacttest.CreateContactTest" name="createContactWithSupportDateTest" time="5.188"/>
  <testcase classname="com.comcast.crm.orgtest.CreateOrganizationTest" name="createOrgWithIndustryTest" time="8.32"/>
  <testcase classname="com.comcast.crm.orgtest.CreateOrganizationTest" name="createOrgWithPhoneNumberTest" time="4.679"/>
  <testcase classname="com.comcast.crm.orgtest.CreateOrganizationTest" name="createOrgnizationTest" time="5.057"/>
  <testcase classname="com.comcast.crm.baseTest.BaseClass" name="@BeforeSuite configBs" time="0.0">
    <ignored/>
  </testcase> <!-- @BeforeSuite configBs -->
  <testcase classname="com.comcast.crm.baseTest.BaseClass" name="@AfterSuite configAs" time="0.0">
    <ignored/>
  </testcase> <!-- @AfterSuite configAs -->
</testsuite> <!-- Test-2 -->
