<?xml version="1.0" encoding="UTF-8"?>
<!-- Generated by org.testng.reporters.JUnitXMLReporter -->
<testsuite ignored="2" hostname="LAPTOP-I2O1032U" failures="0" tests="6" name="Test-1" time="64.342" errors="0" timestamp="2025-10-30T14:54:24 IST">
  <testcase classname="com.comcast.crm.contacttest.CreateContactTest" name="createContactTest" time="6.488"/>
  <testcase classname="com.comcast.crm.contacttest.CreateContactTest" name="createContactWithOrganizationTest" time="11.253"/>
  <testcase classname="com.comcast.crm.contacttest.CreateContactTest" name="createContactWithSupportDateTest" time="5.217"/>
  <testcase classname="com.comcast.crm.orgtest.CreateOrganizationTest" name="createOrgWithIndustryTest" time="8.729"/>
  <testcase classname="com.comcast.crm.orgtest.CreateOrganizationTest" name="createOrgWithPhoneNumberTest" time="5.547"/>
  <testcase classname="com.comcast.crm.orgtest.CreateOrganizationTest" name="createOrgnizationTest" time="6.37"/>
  <testcase classname="com.comcast.crm.baseTest.BaseClass" name="@BeforeSuite configBs" time="0.0">
    <ignored/>
  </testcase> <!-- @BeforeSuite configBs -->
  <testcase classname="com.comcast.crm.baseTest.BaseClass" name="@AfterSuite configAs" time="0.0">
    <ignored/>
  </testcase> <!-- @AfterSuite configAs -->
</testsuite> <!-- Test-1 -->
