<?xml version="1.0" encoding="UTF-8"?>
<!-- Generated by org.testng.reporters.JUnitXMLReporter -->
<testsuite ignored="0" hostname="LAPTOP-I2O1032U" failures="0" tests="3" name="Test" time="29.342" errors="0" timestamp="2025-11-03T15:21:01 IST">
  <testcase classname="com.comcast.crm.contacttest.CreateContactTest" name="createContactTest" time="6.051"/>
  <testcase classname="com.comcast.crm.contacttest.CreateContactTest" name="createContactWithOrganizationTest" time="9.82"/>
  <testcase classname="com.comcast.crm.contacttest.CreateContactTest" name="createContactWithSupportDateTest" time="4.945"/>
</testsuite> <!-- Test -->
