<?xml version="1.0" encoding="UTF-8"?>
<!-- Generated by org.testng.reporters.JUnitReportReporter -->
<testsuite hostname="LAPTOP-I2O1032U" failures="0" tests="5" name="practice.TestNg.ContactTest" time="0.025" errors="0" timestamp="2025-10-28T15:05:13 IST" skipped="1">
  <testcase classname="practice.TestNg.ContactTest" name="modifycontactTest" time="0.001"/>
  <testcase classname="practice.TestNg.ContactTest" name="modifycontactTest" time="0.001"/>
  <testcase classname="practice.TestNg.ContactTest" name="createcontactTest" time="0.021"/>
  <testcase classname="practice.TestNg.ContactTest" name="modifycontactTest" time="0.002"/>
  <testcase classname="practice.TestNg.ContactTest" name="deletecontactTest">
    <skipped/>
  </testcase> <!-- deletecontactTest -->
</testsuite> <!-- practice.TestNg.ContactTest -->
