<?xml version="1.0" encoding="UTF-8"?>
<!-- Generated by org.testng.reporters.JUnitReportReporter -->
<testsuite hostname="LAPTOP-I2O1032U" failures="0" tests="1" name="com.comcast.crm.contacttest.CreateContactTest" time="8.140" errors="0" timestamp="2025-11-10T16:13:34 IST" skipped="0">
  <testcase classname="com.comcast.crm.contacttest.CreateContactTest" name="createContactTest" time="8.140">
    <system-out>
      <![CDATA[Header verify Successfully
Lastname verify Successfully]]>
    </system-out>
  </testcase> <!-- createContactTest -->
  <system-out>
    <![CDATA[Header verify Successfully
Lastname verify Successfully]]>
  </system-out>
</testsuite> <!-- com.comcast.crm.contacttest.CreateContactTest -->
