<?xml version="1.0" encoding="UTF-8"?>
<!-- Generated by org.testng.reporters.JUnitReportReporter -->
<testsuite hostname="LAPTOP-I2O1032U" failures="0" tests="2" name="practice.TestNg.CreateContact_DP_Test" time="0.008" errors="0" timestamp="2025-10-28T15:18:16 IST" skipped="0">
  <testcase classname="practice.TestNg.CreateContact_DP_Test" name="createContact" time="0.001"/>
  <testcase classname="practice.TestNg.CreateContact_DP_Test" name="createContact" time="0.007"/>
</testsuite> <!-- practice.TestNg.CreateContact_DP_Test -->
