<?xml version="1.0" encoding="UTF-8"?>
<!-- Generated by org.testng.reporters.JUnitReportReporter -->
<testsuite hostname="LAPTOP-I2O1032U" failures="0" tests="1" name="com.comcast.crm.productstest.CreateProductWithSalesStartAndEndDate" time="7.294" errors="0" timestamp="2025-10-30T23:35:14 IST" skipped="0">
  <testcase classname="com.comcast.crm.productstest.CreateProductWithSalesStartAndEndDate" name="createProductWithSalesStartAndEndDate" time="7.294">
    <system-out>
      <![CDATA[Products Header verified Successfully
ActFromDate verified Successfully
ActEndDate verified Successfully]]>
    </system-out>
  </testcase> <!-- createProductWithSalesStartAndEndDate -->
  <system-out>
    <![CDATA[Products Header verified Successfully
ActFromDate verified Successfully
ActEndDate verified Successfully]]>
  </system-out>
</testsuite> <!-- com.comcast.crm.productstest.CreateProductWithSalesStartAndEndDate -->
