<?xml version="1.0" encoding="UTF-8"?>
<!-- Generated by org.testng.reporters.JUnitReportReporter -->
<testsuite hostname="LAPTOP-I2O1032U" failures="0" tests="1" name="com.comcast.crm.productstest.CreateProductTest" time="7.534" errors="0" timestamp="2025-10-30T23:05:23 IST" skipped="0">
  <testcase classname="com.comcast.crm.productstest.CreateProductTest" name="createProductTest" time="7.534">
    <system-out>
      <![CDATA[Products Header verified Successfully
ActProduct verified Successfully]]>
    </system-out>
  </testcase> <!-- createProductTest -->
  <system-out>
    <![CDATA[Products Header verified Successfully
ActProduct verified Successfully]]>
  </system-out>
</testsuite> <!-- com.comcast.crm.productstest.CreateProductTest -->
