<?xml version="1.0" encoding="UTF-8"?>
<!-- Generated by org.testng.reporters.JUnitReportReporter -->
<testsuite hostname="LAPTOP-I2O1032U" failures="0" tests="1" name="com.comcast.crm.orgtest.CreateOrganizationTest" time="23.673" errors="0" timestamp="2025-11-02T22:01:30 IST" skipped="0">
  <testcase classname="com.comcast.crm.orgtest.CreateOrganizationTest" name="createOrgnizationTest" time="23.673">
    <system-out>
      <![CDATA[Organizaton header info verified successfully
Organizaton info verified successfully]]>
    </system-out>
  </testcase> <!-- createOrgnizationTest -->
  <system-out>
    <![CDATA[Organizaton header info verified successfully
Organizaton info verified successfully]]>
  </system-out>
</testsuite> <!-- com.comcast.crm.orgtest.CreateOrganizationTest -->
