<?xml version="1.0" encoding="UTF-8"?>
<!-- Generated by org.testng.reporters.JUnitReportReporter -->
<testsuite hostname="LAPTOP-I2O1032U" failures="0" tests="2" name="practice.TestNg.GetProductInfo" time="18.329" errors="0" timestamp="2025-10-28T16:06:07 IST" skipped="0">
  <testcase classname="practice.TestNg.GetProductInfo" name="getProductInfoTest" time="11.840"/>
  <testcase classname="practice.TestNg.GetProductInfo" name="getProductInfoTest" time="6.489"/>
</testsuite> <!-- practice.TestNg.GetProductInfo -->
