<?xml version="1.0" encoding="UTF-8"?>
<!-- Generated by org.testng.reporters.JUnitReportReporter -->
<testsuite hostname="LAPTOP-I2O1032U" failures="0" tests="3" name="com.comcast.crm.contacttest.CreateContactTest" time="29.606" errors="0" timestamp="2025-11-12T15:38:48 IST" skipped="0">
  <testcase classname="com.comcast.crm.contacttest.CreateContactTest" name="createContactTest" time="9.491">
    <system-out>
      <![CDATA[Header verify Successfully
Lastname verify Successfully]]>
    </system-out>
  </testcase> <!-- createContactTest -->
  <testcase classname="com.comcast.crm.contacttest.CreateContactTest" name="createContactWithOrganizationTest" time="12.753">
    <system-out>
      <![CDATA[Organization header verified successfully
ContactLastname header verified successfully
actualOrgname verified successfully]]>
    </system-out>
  </testcase> <!-- createContactWithOrganizationTest -->
  <testcase classname="com.comcast.crm.contacttest.CreateContactTest" name="createContactWithSupportDateTest" time="7.362">
    <system-out>
      <![CDATA[Startdate verified successfully
Enddate verified successfully]]>
    </system-out>
  </testcase> <!-- createContactWithSupportDateTest -->
  <system-out>
    <![CDATA[Header verify Successfully
Lastname verify Successfully
Organization header verified successfully
ContactLastname header verified successfully
actualOrgname verified successfully
Startdate verified successfully
Enddate verified successfully
Industry info verified successfully
Type info verified successfully
Phone Num info verified successfully]]>
  </system-out>
</testsuite> <!-- com.comcast.crm.contacttest.CreateContactTest -->
