<?xml version="1.0" encoding="UTF-8"?>
<!-- Generated by org.testng.reporters.JUnitReportReporter -->
<testsuite hostname="LAPTOP-I2O1032U" failures="0" tests="3" name="com.comcast.crm.orgtest.CreateOrganizationTest" time="25.801" errors="0" timestamp="2025-11-12T15:49:03 IST" skipped="0">
  <testcase classname="com.comcast.crm.orgtest.CreateOrganizationTest" name="createOrgWithPhoneNumberTest" time="6.659">
    <system-out>
      <![CDATA[Phone Num info verified successfully]]>
    </system-out>
  </testcase> <!-- createOrgWithPhoneNumberTest -->
  <testcase classname="com.comcast.crm.orgtest.CreateOrganizationTest" name="createOrgnizationTest" time="8.926">
    <system-out>
      <![CDATA[Organizaton header info verified successfully
Organizaton info verified successfully]]>
    </system-out>
  </testcase> <!-- createOrgnizationTest -->
  <testcase classname="com.comcast.crm.orgtest.CreateOrganizationTest" name="createOrgWithIndustryTest" time="10.216">
    <system-out>
      <![CDATA[Industry info verified successfully
Type info verified successfully]]>
    </system-out>
  </testcase> <!-- createOrgWithIndustryTest -->
  <system-out>
    <![CDATA[Industry info verified successfully
Type info verified successfully
Phone Num info verified successfully
Organizaton header info verified successfully
Organizaton info verified successfully]]>
  </system-out>
</testsuite> <!-- com.comcast.crm.orgtest.CreateOrganizationTest -->
