<?xml version="1.0" encoding="UTF-8"?>
<testng-results ignored="0" total="3" passed="3" failed="0" skipped="0">
  <reporter-output>
    <line>
      <![CDATA[Industry info verified successfully]]>
    </line>
    <line>
      <![CDATA[Type info verified successfully]]>
    </line>
    <line>
      <![CDATA[Phone Num info verified successfully]]>
    </line>
    <line>
      <![CDATA[Organizaton header info verified successfully]]>
    </line>
    <line>
      <![CDATA[Organizaton info verified successfully]]>
    </line>
  </reporter-output>
  <suite started-at="2025-11-12T15:48:35 IST" name="Default suite" finished-at="2025-11-12T15:49:02 IST" duration-ms="27247">
    <groups>
      <group name="SmokeTest">
        <method signature="CreateOrganizationTest.createOrgnizationTest()[pri:0, instance:com.comcast.crm.orgtest.CreateOrganizationTest@1c1bbc4e]" name="createOrgnizationTest" class="com.comcast.crm.orgtest.CreateOrganizationTest"/>
      </group> <!-- SmokeTest -->
      <group name="RegressionTest">
        <method signature="CreateOrganizationTest.createOrgWithIndustryTest()[pri:0, instance:com.comcast.crm.orgtest.CreateOrganizationTest@1c1bbc4e]" name="createOrgWithIndustryTest" class="com.comcast.crm.orgtest.CreateOrganizationTest"/>
        <method signature="CreateOrganizationTest.createOrgWithPhoneNumberTest()[pri:0, instance:com.comcast.crm.orgtest.CreateOrganizationTest@1c1bbc4e]" name="createOrgWithPhoneNumberTest" class="com.comcast.crm.orgtest.CreateOrganizationTest"/>
      </group> <!-- RegressionTest -->
    </groups>
    <test started-at="2025-11-12T15:48:35 IST" name="Default test" finished-at="2025-11-12T15:49:02 IST" duration-ms="27247">
      <class name="com.comcast.crm.orgtest.CreateOrganizationTest">
        <test-method is-config="true" signature="configBs()[pri:0, instance:com.comcast.crm.orgtest.CreateOrganizationTest@1c1bbc4e]" started-at="2025-11-12T15:48:35 IST" name="configBs" finished-at="2025-11-12T15:48:35 IST" duration-ms="427" status="PASS">
          <reporter-output>
          </reporter-output>
        </test-method> <!-- configBs -->
        <test-method is-config="true" signature="configBC(java.lang.String)[pri:0, instance:com.comcast.crm.orgtest.CreateOrganizationTest@1c1bbc4e]" started-at="2025-11-12T15:48:35 IST" name="configBC" finished-at="2025-11-12T15:48:36 IST" duration-ms="1147" status="PASS">
          <params>
            <param index="0">
              <value>
                <![CDATA[chrome]]>
              </value>
            </param>
          </params>
          <reporter-output>
          </reporter-output>
        </test-method> <!-- configBC -->
        <test-method is-config="true" signature="ConfigBM()[pri:0, instance:com.comcast.crm.orgtest.CreateOrganizationTest@1c1bbc4e]" started-at="2025-11-12T15:48:36 IST" name="ConfigBM" finished-at="2025-11-12T15:48:38 IST" duration-ms="1794" status="PASS">
          <reporter-output>
          </reporter-output>
        </test-method> <!-- ConfigBM -->
        <test-method signature="createOrgWithIndustryTest()[pri:0, instance:com.comcast.crm.orgtest.CreateOrganizationTest@1c1bbc4e]" started-at="2025-11-12T15:48:38 IST" name="createOrgWithIndustryTest" finished-at="2025-11-12T15:48:45 IST" duration-ms="7373" status="PASS">
          <reporter-output>
            <line>
              <![CDATA[Industry info verified successfully]]>
            </line>
            <line>
              <![CDATA[Type info verified successfully]]>
            </line>
          </reporter-output>
        </test-method> <!-- createOrgWithIndustryTest -->
        <test-method is-config="true" signature="ConfigAM()[pri:0, instance:com.comcast.crm.orgtest.CreateOrganizationTest@1c1bbc4e]" started-at="2025-11-12T15:48:45 IST" name="ConfigAM" finished-at="2025-11-12T15:48:46 IST" duration-ms="789" status="PASS">
          <reporter-output>
          </reporter-output>
        </test-method> <!-- ConfigAM -->
        <test-method is-config="true" signature="ConfigBM()[pri:0, instance:com.comcast.crm.orgtest.CreateOrganizationTest@1c1bbc4e]" started-at="2025-11-12T15:48:46 IST" name="ConfigBM" finished-at="2025-11-12T15:48:48 IST" duration-ms="1910" status="PASS">
          <reporter-output>
          </reporter-output>
        </test-method> <!-- ConfigBM -->
        <test-method signature="createOrgWithPhoneNumberTest()[pri:0, instance:com.comcast.crm.orgtest.CreateOrganizationTest@1c1bbc4e]" started-at="2025-11-12T15:48:48 IST" name="createOrgWithPhoneNumberTest" finished-at="2025-11-12T15:48:54 IST" duration-ms="5402" status="PASS">
          <reporter-output>
            <line>
              <![CDATA[Phone Num info verified successfully]]>
            </line>
          </reporter-output>
        </test-method> <!-- createOrgWithPhoneNumberTest -->
        <test-method is-config="true" signature="ConfigAM()[pri:0, instance:com.comcast.crm.orgtest.CreateOrganizationTest@1c1bbc4e]" started-at="2025-11-12T15:48:54 IST" name="ConfigAM" finished-at="2025-11-12T15:48:54 IST" duration-ms="808" status="PASS">
          <reporter-output>
          </reporter-output>
        </test-method> <!-- ConfigAM -->
        <test-method is-config="true" signature="ConfigBM()[pri:0, instance:com.comcast.crm.orgtest.CreateOrganizationTest@1c1bbc4e]" started-at="2025-11-12T15:48:54 IST" name="ConfigBM" finished-at="2025-11-12T15:48:55 IST" duration-ms="468" status="PASS">
          <reporter-output>
          </reporter-output>
        </test-method> <!-- ConfigBM -->
        <test-method signature="createOrgnizationTest()[pri:0, instance:com.comcast.crm.orgtest.CreateOrganizationTest@1c1bbc4e]" started-at="2025-11-12T15:48:55 IST" name="createOrgnizationTest" finished-at="2025-11-12T15:49:01 IST" duration-ms="6324" status="PASS">
          <reporter-output>
            <line>
              <![CDATA[Organizaton header info verified successfully]]>
            </line>
            <line>
              <![CDATA[Organizaton info verified successfully]]>
            </line>
          </reporter-output>
        </test-method> <!-- createOrgnizationTest -->
        <test-method is-config="true" signature="ConfigAM()[pri:0, instance:com.comcast.crm.orgtest.CreateOrganizationTest@1c1bbc4e]" started-at="2025-11-12T15:49:01 IST" name="ConfigAM" finished-at="2025-11-12T15:49:02 IST" duration-ms="933" status="PASS">
          <reporter-output>
          </reporter-output>
        </test-method> <!-- ConfigAM -->
        <test-method is-config="true" signature="configAC()[pri:0, instance:com.comcast.crm.orgtest.CreateOrganizationTest@1c1bbc4e]" started-at="2025-11-12T15:49:02 IST" name="configAC" finished-at="2025-11-12T15:49:02 IST" duration-ms="218" status="PASS">
          <reporter-output>
          </reporter-output>
        </test-method> <!-- configAC -->
        <test-method is-config="true" signature="configAs()[pri:0, instance:com.comcast.crm.orgtest.CreateOrganizationTest@1c1bbc4e]" started-at="2025-11-12T15:49:02 IST" name="configAs" finished-at="2025-11-12T15:49:02 IST" duration-ms="3" status="PASS">
          <reporter-output>
          </reporter-output>
        </test-method> <!-- configAs -->
      </class> <!-- com.comcast.crm.orgtest.CreateOrganizationTest -->
    </test> <!-- Default test -->
  </suite> <!-- Default suite -->
</testng-results>
