<?xml version="1.0" encoding="UTF-8"?>
<testng-results ignored="2" total="3" passed="1" failed="0" skipped="0">
  <reporter-output>
    <line>
      <![CDATA[Header verify Successfully]]>
    </line>
    <line>
      <![CDATA[Lastname verify Successfully]]>
    </line>
  </reporter-output>
  <suite started-at="2025-11-10T16:13:25 IST" name="Default suite" finished-at="2025-11-10T16:13:34 IST" duration-ms="9460">
    <groups>
      <group name="SmokeTest">
        <method signature="CreateContactTest.createContactTest()[pri:0, instance:com.comcast.crm.contacttest.CreateContactTest@5dda768f]" name="createContactTest" class="com.comcast.crm.contacttest.CreateContactTest"/>
      </group> <!-- SmokeTest -->
    </groups>
    <test started-at="2025-11-10T16:13:25 IST" name="Default test" finished-at="2025-11-10T16:13:34 IST" duration-ms="9460">
      <class name="com.comcast.crm.contacttest.CreateContactTest">
        <test-method is-config="true" signature="configBs()[pri:0, instance:com.comcast.crm.contacttest.CreateContactTest@5dda768f]" started-at="2025-11-10T16:13:24 IST" name="configBs" finished-at="2025-11-10T16:13:24 IST" duration-ms="418" status="PASS">
          <reporter-output>
          </reporter-output>
        </test-method> <!-- configBs -->
        <test-method is-config="true" signature="configBC(java.lang.String)[pri:0, instance:com.comcast.crm.contacttest.CreateContactTest@5dda768f]" started-at="2025-11-10T16:13:25 IST" name="configBC" finished-at="2025-11-10T16:13:26 IST" duration-ms="1126" status="PASS">
          <params>
            <param index="0">
              <value>
                <![CDATA[chrome]]>
              </value>
            </param>
          </params>
          <reporter-output>
          </reporter-output>
        </test-method> <!-- configBC -->
        <test-method is-config="true" signature="ConfigBM()[pri:0, instance:com.comcast.crm.contacttest.CreateContactTest@5dda768f]" started-at="2025-11-10T16:13:26 IST" name="ConfigBM" finished-at="2025-11-10T16:13:27 IST" duration-ms="1653" status="PASS">
          <reporter-output>
          </reporter-output>
        </test-method> <!-- ConfigBM -->
        <test-method signature="createContactTest()[pri:0, instance:com.comcast.crm.contacttest.CreateContactTest@5dda768f]" started-at="2025-11-10T16:13:27 IST" name="createContactTest" finished-at="2025-11-10T16:13:33 IST" duration-ms="5774" status="PASS">
          <reporter-output>
            <line>
              <![CDATA[Header verify Successfully]]>
            </line>
            <line>
              <![CDATA[Lastname verify Successfully]]>
            </line>
          </reporter-output>
        </test-method> <!-- createContactTest -->
        <test-method is-config="true" signature="ConfigAM()[pri:0, instance:com.comcast.crm.contacttest.CreateContactTest@5dda768f]" started-at="2025-11-10T16:13:33 IST" name="ConfigAM" finished-at="2025-11-10T16:13:34 IST" duration-ms="713" status="PASS">
          <reporter-output>
          </reporter-output>
        </test-method> <!-- ConfigAM -->
        <test-method is-config="true" signature="configAC()[pri:0, instance:com.comcast.crm.contacttest.CreateContactTest@5dda768f]" started-at="2025-11-10T16:13:34 IST" name="configAC" finished-at="2025-11-10T16:13:34 IST" duration-ms="145" status="PASS">
          <reporter-output>
          </reporter-output>
        </test-method> <!-- configAC -->
        <test-method is-config="true" signature="configAs()[pri:0, instance:com.comcast.crm.contacttest.CreateContactTest@5dda768f]" started-at="2025-11-10T16:13:34 IST" name="configAs" finished-at="2025-11-10T16:13:34 IST" duration-ms="5" status="PASS">
          <reporter-output>
          </reporter-output>
        </test-method> <!-- configAs -->
      </class> <!-- com.comcast.crm.contacttest.CreateContactTest -->
    </test> <!-- Default test -->
  </suite> <!-- Default suite -->
</testng-results>
